# JRE version: OpenJDK Runtime Environment JBR-11.0.11.9-1504.13-jcef (11.0.11+9) (build 11.0.11+9-b1504.13)
# Java VM: OpenJDK 64-Bit Server VM JBR-11.0.11.9-1504.13-jcef (11.0.11+9-b1504.13, mixed mode, tiered, compressed oops, g1 gc, windows-amd64)
Heap:
 garbage-first heap   total 131072K, used 8323K [0x00000000c4c00000, 0x0000000100000000)
  region size 1024K, 4 young (4096K), 2 survivors (2048K)
 Metaspace       used 20779K, capacity 21438K, committed 21680K, reserved 1069056K
  class space    used 2220K, capacity 2452K, committed 2560K, reserved 1048576K
GC Heap History (6 events):
Event: 1.073 GC heap before
{Heap before GC invocations=0 (full 0):
 garbage-first heap   total 131072K, used 22528K [0x00000000c4c00000, 0x0000000100000000)
  region size 1024K, 22 young (22528K), 0 survivors (0K)
 Metaspace       used 15036K, capacity 15559K, committed 15744K, reserved 1062912K
  class space    used 1584K, capacity 1804K, committed 1920K, reserved 1048576K
}
Event: 1.083 GC heap after
{Heap after GC invocations=1 (full 0):
 garbage-first heap   total 131072K, used 5846K [0x00000000c4c00000, 0x0000000100000000)
  region size 1024K, 3 young (3072K), 3 survivors (3072K)
 Metaspace       used 15036K, capacity 15559K, committed 15744K, reserved 1062912K
  class space    used 1584K, capacity 1804K, committed 1920K, reserved 1048576K
}
Event: 1.389 GC heap before
{Heap before GC invocations=1 (full 0):
 garbage-first heap   total 131072K, used 14038K [0x00000000c4c00000, 0x0000000100000000)
  region size 1024K, 11 young (11264K), 3 survivors (3072K)
 Metaspace       used 19520K, capacity 20071K, committed 20352K, reserved 1067008K
  class space    used 2110K, capacity 2346K, committed 2432K, reserved 1048576K
}
Event: 1.394 GC heap after
{Heap after GC invocations=2 (full 0):
 garbage-first heap   total 131072K, used 6594K [0x00000000c4c00000, 0x0000000100000000)
  region size 1024K, 1 young (1024K), 1 survivors (1024K)
 Metaspace       used 19520K, capacity 20071K, committed 20352K, reserved 1067008K
  class space    used 2110K, capacity 2346K, committed 2432K, reserved 1048576K
}
Event: 1.999 GC heap before
{Heap before GC invocations=2 (full 0):
 garbage-first heap   total 131072K, used 10690K [0x00000000c4c00000, 0x0000000100000000)
  region size 1024K, 6 young (6144K), 1 survivors (1024K)
 Metaspace       used 20638K, capacity 21202K, committed 21296K, reserved 1069056K
  class space    used 2211K, capacity 2418K, committed 2432K, reserved 1048576K
}
Event: 2.002 GC heap after
{Heap after GC invocations=3 (full 0):
 garbage-first heap   total 131072K, used 7299K [0x00000000c4c00000, 0x0000000100000000)
  region size 1024K, 2 young (2048K), 2 survivors (2048K)
 Metaspace       used 20638K, capacity 21202K, committed 21296K, reserved 1069056K
  class space    used 2211K, capacity 2418K, committed 2432K, reserved 1048576K
}

